{"name": "Login Test Using POM", "status": "broken", "statusDetails": {"message": "selenium.common.exceptions.TimeoutException: Message: \nStacktrace:\n\tGetHandleVerifier [0x0x7ff7307ee8e5+80021]\n\tGetHandleVerifier [0x0x7ff7307ee940+80112]\n\t(No symbol) [0x0x7ff73057060f]\n\t(No symbol) [0x0x7ff7305c8854]\n\t(No symbol) [0x0x7ff7305c8b1c]\n\t(No symbol) [0x0x7ff73061c927]\n\t(No symbol) [0x0x7ff7305f126f]\n\t(No symbol) [0x0x7ff73061968a]\n\t(No symbol) [0x0x7ff7305f1003]\n\t(No symbol) [0x0x7ff7305b95d1]\n\t(No symbol) [0x0x7ff7305ba3f3]\n\tGetHandleVerifier [0x0x7ff730aadc7d+2960429]\n\tGetHandleVerifier [0x0x7ff730aa7f3a+2936554]\n\tGetHandleVerifier [0x0x7ff730ac8977+3070247]\n\tGetHandleVerifier [0x0x7ff7308083ce+185214]\n\tGetHandleVerifier [0x0x7ff73080fe1f+216527]\n\tGetHandleVerifier [0x0x7ff7307f7b24+117460]\n\tGetHandleVerifier [0x0x7ff7307f7cdf+117903]\n\tGetHandleVerifier [0x0x7ff7307ddbb8+11112]\n\tBaseThreadInitThunk [0x0x7ff902b37374+20]\n\tRtlUserThreadStart [0x0x7ff904a1cc91+33]", "trace": "setup = <selenium.webdriver.chrome.webdriver.WebDriver (session=\"1db136f02a3a6bb1a3790ebcdb260a16\")>\n\n    @allure.title(\"Login Test Using POM\")\n    @allure.description(\"This test verifies that user can login successfully or captures a screenshot if login fails.\")\n    def test_login(setup):\n        driver = setup\n        login = LoginPage(driver)\n    \n        with allure.step(\"Open login page\"):\n            login.open_site(\"https://redmiims.webredirect.himshang.com.np/\")\n    \n        with allure.step(\"Enter username\"):\n            login.enter_username(\"Rishav\")\n    \n        with allure.step(\"Enter password\"):\n            login.enter_password(\"wrongpassword\")  # purposely wrong for demo\n    \n        with allure.step(\"Click Sign In\"):\n            login.click_sign_in()\n    \n        with allure.step(\"Verify login success\"):\n>           assert login.verify_login() is True, \"Login failed! Wrong credentials.\"\n                   ^^^^^^^^^^^^^^^^^^^^\n\ntests\\test_login.py:24: \n_ _ _ _ _ _ _ _ _ _ _ _ _ _ _ _ _ _ _ _ _ _ _ _ _ _ _ _ _ _ _ _ _ _ _ _ _ _ _ _ _ _ _ _ _ _ _ _ _ _ _ _ _ _ _ _ _ _ _ _ _ _ _ _ _ _ _ _ _ _ _ _ _ _ _ _ _ _ _\nPages\\login.py:37: in verify_login\n    return self.wait.until(EC.visibility_of_element_located(self.re_login)).is_displayed()\n           ^^^^^^^^^^^^^^^^^^^^^^^^^^^^^^^^^^^^^^^^^^^^^^^^^^^^^^^^^^^^^^^^\n_ _ _ _ _ _ _ _ _ _ _ _ _ _ _ _ _ _ _ _ _ _ _ _ _ _ _ _ _ _ _ _ _ _ _ _ _ _ _ _ _ _ _ _ _ _ _ _ _ _ _ _ _ _ _ _ _ _ _ _ _ _ _ _ _ _ _ _ _ _ _ _ _ _ _ _ _ _ _\n\nself = <selenium.webdriver.support.wait.WebDriverWait (session=\"1db136f02a3a6bb1a3790ebcdb260a16\")>\nmethod = <function visibility_of_element_located.<locals>._predicate at 0x000002E4BD9D4220>, message = ''\n\n    def until(self, method: Callable[[D], Union[Literal[False], T]], message: str = \"\") -> T:\n        \"\"\"Wait until the method returns a value that is not False.\n    \n        Calls the method provided with the driver as an argument until the\n        return value does not evaluate to ``False``.\n    \n        Parameters:\n        -----------\n        method: callable(WebDriver)\n            - A callable object that takes a WebDriver instance as an argument.\n    \n        message: str\n            - Optional message for :exc:`TimeoutException`\n    \n        Return:\n        -------\n        object: T\n            - The result of the last call to `method`\n    \n        Raises:\n        -------\n        TimeoutException\n            - If 'method' does not return a truthy value within the WebDriverWait\n            object's timeout\n    \n        Example:\n        --------\n        >>> from selenium.webdriver.common.by import By\n        >>> from selenium.webdriver.support.ui import WebDriverWait\n        >>> from selenium.webdriver.support import expected_conditions as EC\n    \n        # Wait until an element is visible on the page\n        >>> wait = WebDriverWait(driver, 10)\n        >>> element = wait.until(EC.visibility_of_element_located((By.ID, \"exampleId\")))\n        >>> print(element.text)\n        \"\"\"\n        screen = None\n        stacktrace = None\n    \n        end_time = time.monotonic() + self._timeout\n        while True:\n            try:\n                value = method(self._driver)\n                if value:\n                    return value\n            except self._ignored_exceptions as exc:\n                screen = getattr(exc, \"screen\", None)\n                stacktrace = getattr(exc, \"stacktrace\", None)\n            if time.monotonic() > end_time:\n                break\n            time.sleep(self._poll)\n>       raise TimeoutException(message, screen, stacktrace)\nE       selenium.common.exceptions.TimeoutException: Message: \nE       Stacktrace:\nE       \tGetHandleVerifier [0x0x7ff7307ee8e5+80021]\nE       \tGetHandleVerifier [0x0x7ff7307ee940+80112]\nE       \t(No symbol) [0x0x7ff73057060f]\nE       \t(No symbol) [0x0x7ff7305c8854]\nE       \t(No symbol) [0x0x7ff7305c8b1c]\nE       \t(No symbol) [0x0x7ff73061c927]\nE       \t(No symbol) [0x0x7ff7305f126f]\nE       \t(No symbol) [0x0x7ff73061968a]\nE       \t(No symbol) [0x0x7ff7305f1003]\nE       \t(No symbol) [0x0x7ff7305b95d1]\nE       \t(No symbol) [0x0x7ff7305ba3f3]\nE       \tGetHandleVerifier [0x0x7ff730aadc7d+2960429]\nE       \tGetHandleVerifier [0x0x7ff730aa7f3a+2936554]\nE       \tGetHandleVerifier [0x0x7ff730ac8977+3070247]\nE       \tGetHandleVerifier [0x0x7ff7308083ce+185214]\nE       \tGetHandleVerifier [0x0x7ff73080fe1f+216527]\nE       \tGetHandleVerifier [0x0x7ff7307f7b24+117460]\nE       \tGetHandleVerifier [0x0x7ff7307f7cdf+117903]\nE       \tGetHandleVerifier [0x0x7ff7307ddbb8+11112]\nE       \tBaseThreadInitThunk [0x0x7ff902b37374+20]\nE       \tRtlUserThreadStart [0x0x7ff904a1cc91+33]\n\n..\\.venv\\Lib\\site-packages\\selenium\\webdriver\\support\\wait.py:138: TimeoutException"}, "description": "This test verifies that user can login successfully or captures a screenshot if login fails.", "steps": [{"name": "Open login page", "status": "passed", "start": 1761644201139, "stop": 1761644203701}, {"name": "Enter username", "status": "passed", "start": 1761644203701, "stop": 1761644203880}, {"name": "Enter password", "status": "passed", "start": 1761644203880, "stop": 1761644204002}, {"name": "Click Sign In", "status": "passed", "start": 1761644204003, "stop": 1761644204161}, {"name": "Verify login success", "status": "broken", "statusDetails": {"message": "selenium.common.exceptions.TimeoutException: Message: \nStacktrace:\n\tGetHandleVerifier [0x0x7ff7307ee8e5+80021]\n\tGetHandleVerifier [0x0x7ff7307ee940+80112]\n\t(No symbol) [0x0x7ff73057060f]\n\t(No symbol) [0x0x7ff7305c8854]\n\t(No symbol) [0x0x7ff7305c8b1c]\n\t(No symbol) [0x0x7ff73061c927]\n\t(No symbol) [0x0x7ff7305f126f]\n\t(No symbol) [0x0x7ff73061968a]\n\t(No symbol) [0x0x7ff7305f1003]\n\t(No symbol) [0x0x7ff7305b95d1]\n\t(No symbol) [0x0x7ff7305ba3f3]\n\tGetHandleVerifier [0x0x7ff730aadc7d+2960429]\n\tGetHandleVerifier [0x0x7ff730aa7f3a+2936554]\n\tGetHandleVerifier [0x0x7ff730ac8977+3070247]\n\tGetHandleVerifier [0x0x7ff7308083ce+185214]\n\tGetHandleVerifier [0x0x7ff73080fe1f+216527]\n\tGetHandleVerifier [0x0x7ff7307f7b24+117460]\n\tGetHandleVerifier [0x0x7ff7307f7cdf+117903]\n\tGetHandleVerifier [0x0x7ff7307ddbb8+11112]\n\tBaseThreadInitThunk [0x0x7ff902b37374+20]\n\tRtlUserThreadStart [0x0x7ff904a1cc91+33]\n\n", "trace": "  File \"C:\\Users\\ims\\PycharmProjects\\October28r\\allurereportdemo\\tests\\test_login.py\", line 24, in test_login\n    assert login.verify_login() is True, \"Login failed! Wrong credentials.\"\n           ~~~~~~~~~~~~~~~~~~^^\n  File \"C:\\Users\\ims\\PycharmProjects\\October28r\\allurereportdemo\\Pages\\login.py\", line 37, in verify_login\n    return self.wait.until(EC.visibility_of_element_located(self.re_login)).is_displayed()\n           ~~~~~~~~~~~~~~~^^^^^^^^^^^^^^^^^^^^^^^^^^^^^^^^^^^^^^^^^^^^^^^^^\n  File \"C:\\Users\\ims\\PycharmProjects\\October28r\\.venv\\Lib\\site-packages\\selenium\\webdriver\\support\\wait.py\", line 138, in until\n    raise TimeoutException(message, screen, stacktrace)\n"}, "start": 1761644204161, "stop": 1761644234318}], "start": 1761644201139, "stop": 1761644234320, "uuid": "14c83477-3f31-433b-aec7-40c690c2e54d", "historyId": "a707b9555172d26c5c1ec2d556e674f3", "testCaseId": "a707b9555172d26c5c1ec2d556e674f3", "fullName": "tests.test_login#test_login", "labels": [{"name": "parentSuite", "value": "tests"}, {"name": "suite", "value": "test_login"}, {"name": "host", "value": "DESKTOP-RJJ9GQ7"}, {"name": "thread", "value": "1572-MainThread"}, {"name": "framework", "value": "pytest"}, {"name": "language", "value": "cpython3"}, {"name": "package", "value": "tests.test_login"}], "titlePath": ["tests", "test_login.py"]}